[2026-02-07 03:47:34] local.INFO: Card order checkout created {"order_id":1,"session_id":"cs_test_a1epMirv54BYAmRCW9UhvcLOauOTGoWCYukPn33VNnzsMyDWkiG5KYqc23","amount":14997} 
[2026-02-07 03:47:45] local.INFO: Card order paid {"order_id":1,"payment_intent":"pi_3Sy2UlJ8RoOvVTJ71fdxvf7C"} 
[2026-02-07 04:03:00] local.INFO: Card order checkout created {"order_id":2,"session_id":"cs_test_a1z5qBC7n8BW2yOcxsVzWJOdzHzc31KmLmf4GjWzL6VC3idDm8RuyeeLT4","amount":4499} 
[2026-02-07 05:03:01] local.INFO: Card order paid + cards created {"order_id":4} 
[2026-02-07 05:23:23] local.INFO: Card order paid + cards created {"order_id":6} 
[2026-02-07 05:41:44] local.INFO: Order deleted {"order_id":6,"user_id":7,"user_email":"link.card002@gmail.com","amount_cents":3749,"reason":"test","note":"","deleted_by":3,"deleted_at":"2026-02-07T05:41:44.164586Z"} 
[2026-02-07 13:46:32] local.INFO: Card order paid + cards created {"order_id":7} 
[2026-02-07 15:52:29] local.INFO: Card order paid + cards created {"order_id":8} 
[2026-02-07 16:13:11] local.INFO: Order deleted {"order_id":8,"user_id":3,"user_email":"mathieu.corbeil@outlook.fr","amount_cents":8998,"reason":"test","note":"","deleted_by":3,"deleted_at":"2026-02-07T16:13:11.805583Z"} 
[2026-02-07 16:14:09] local.INFO: Card order paid + cards created {"order_id":9} 
[2026-02-07 16:20:21] local.INFO: Order deleted {"order_id":4,"user_id":7,"user_email":"link.card002@gmail.com","amount_cents":3749,"reason":"test","note":"","deleted_by":3,"deleted_at":"2026-02-07T16:20:21.212518Z"} 
[2026-02-07 18:07:14] local.INFO: User deleted by admin {"user_id":7,"user_name":"Mathieu test02","user_email":"link.card002@gmail.com","user_plan":"premium","profiles_count":1,"cards_count":1,"orders_count":2,"reason":"test_account","note":"","deleted_by":3,"deleted_at":"2026-02-07T18:07:14.659357Z"} 
[2026-02-07 18:07:15] local.INFO: === WEBHOOK START: subscription.deleted ===  
[2026-02-07 18:07:15] local.INFO: === WEBHOOK END: subscription.deleted ===  
[2026-02-07 18:15:26] local.INFO: Card order paid + cards created {"order_id":10} 
[2026-02-07 18:27:21] local.INFO: Order deleted {"order_id":10,"user_id":8,"user_email":"link.card002@gmail.com","amount_cents":4999,"reason":"test","note":"","deleted_by":3,"deleted_at":"2026-02-07T18:27:21.956997Z"} 
[2026-02-07 18:27:42] local.INFO: User deleted by admin {"user_id":8,"user_name":"Link-Card","user_email":"link.card002@gmail.com","user_plan":"free","profiles_count":1,"cards_count":0,"orders_count":0,"reason":"test_account","note":"","deleted_by":3,"deleted_at":"2026-02-07T18:27:42.986440Z"} 
[2026-02-07 18:39:54] local.INFO: User deleted by admin {"user_id":9,"user_name":"Patrick","user_email":"link.card002@gmail.com","user_plan":"free","profiles_count":0,"cards_count":0,"orders_count":0,"reason":"test_account","note":"","deleted_by":3,"deleted_at":"2026-02-07T18:39:54.641087Z"} 
[2026-02-07 18:42:18] local.INFO: User deleted by admin {"user_id":10,"user_name":"Patrick","user_email":"link.card002@gmail.com","user_plan":"free","profiles_count":0,"cards_count":0,"orders_count":0,"reason":"test_account","note":"","deleted_by":3,"deleted_at":"2026-02-07T18:42:18.982952Z"} 
[2026-02-07 18:47:31] local.INFO: Card order paid + cards created {"order_id":11} 
[2026-02-07 18:50:42] local.INFO: User deleted by admin {"user_id":11,"user_name":"Patrick","user_email":"link.card002@gmail.com","user_plan":"free","profiles_count":1,"cards_count":1,"orders_count":1,"reason":"test_account","note":"","deleted_by":3,"deleted_at":"2026-02-07T18:50:42.081010Z"} 
[2026-02-07 19:06:54] local.INFO: Card order paid + cards created {"order_id":12} 
[2026-02-07 19:13:52] local.INFO: Order deleted {"order_id":12,"user_id":12,"user_email":"link.card002@gmail.com","amount_cents":4999,"reason":"test","note":"","deleted_by":3,"deleted_at":"2026-02-07T19:13:52.583337Z"} 
[2026-02-07 19:20:23] local.INFO: Card order paid + cards created {"order_id":13} 
[2026-02-07 19:32:16] local.INFO: Card order paid + cards created {"order_id":14} 
[2026-02-07 19:33:20] local.INFO: Order deleted {"order_id":14,"user_id":12,"user_email":"link.card002@gmail.com","amount_cents":4999,"reason":"duplicate","note":"","deleted_by":3,"deleted_at":"2026-02-07T19:33:20.944268Z"} 
[2026-02-07 21:05:21] local.ERROR: syntax error, unexpected token "<<", expecting "function" or "const" {"exception":"[object] (ParseError(code: 0): syntax error, unexpected token \"<<\", expecting \"function\" or \"const\" at /home/yela8574/public_html/app/app/Livewire/Cards/Order.php:27)
[stacktrace]
#0 /home/yela8574/public_html/app/vendor/composer/ClassLoader.php(427): Composer\\Autoload\\{closure}('/home/yela8574/...')
#1 [internal function]: Composer\\Autoload\\ClassLoader->loadClass('App\\\\Livewire\\\\Ca...')
#2 /home/yela8574/public_html/app/vendor/laravel/framework/src/Illuminate/Routing/RouteAction.php(91): method_exists('App\\\\Livewire\\\\Ca...', '__invoke')
#3 /home/yela8574/public_html/app/vendor/laravel/framework/src/Illuminate/Routing/RouteAction.php(47): Illuminate\\Routing\\RouteAction::makeInvokable('App\\\\Livewire\\\\Ca...')
#4 /home/yela8574/public_html/app/vendor/laravel/framework/src/Illuminate/Routing/Route.php(198): Illuminate\\Routing\\RouteAction::parse('dashboard/cards...', Array)
#5 /home/yela8574/public_html/app/vendor/laravel/framework/src/Illuminate/Routing/Route.php(179): Illuminate\\Routing\\Route->parseAction(Array)
#6 /home/yela8574/public_html/app/vendor/laravel/framework/src/Illuminate/Routing/Router.php(671): Illuminate\\Routing\\Route->__construct(Array, 'dashboard/cards...', Array)
#7 /home/yela8574/public_html/app/vendor/laravel/framework/src/Illuminate/Routing/Router.php(563): Illuminate\\Routing\\Router->newRoute(Array, 'dashboard/cards...', Array)
#8 /home/yela8574/public_html/app/vendor/laravel/framework/src/Illuminate/Routing/Router.php(543): Illuminate\\Routing\\Router->createRoute(Array, '/dashboard/card...', Array)
#9 /home/yela8574/public_html/app/vendor/laravel/framework/src/Illuminate/Routing/Router.php(161): Illuminate\\Routing\\Router->addRoute(Array, '/dashboard/card...', 'App\\\\Livewire\\\\Ca...')
#10 /home/yela8574/public_html/app/vendor/laravel/framework/src/Illuminate/Support/Facades/Facade.php(361): Illuminate\\Routing\\Router->get('/dashboard/card...', 'App\\\\Livewire\\\\Ca...')
#11 /home/yela8574/public_html/app/routes/web.php(70): Illuminate\\Support\\Facades\\Facade::__callStatic('get', Array)
#12 /home/yela8574/public_html/app/vendor/laravel/framework/src/Illuminate/Routing/Router.php(511): Illuminate\\Routing\\RouteFileRegistrar->{closure}(Object(Illuminate\\Routing\\Router))
#13 /home/yela8574/public_html/app/vendor/laravel/framework/src/Illuminate/Routing/Router.php(467): Illuminate\\Routing\\Router->loadRoutes(Object(Closure))
#14 /home/yela8574/public_html/app/vendor/laravel/framework/src/Illuminate/Routing/RouteRegistrar.php(207): Illuminate\\Routing\\Router->group(Array, Object(Closure))
#15 /home/yela8574/public_html/app/routes/web.php(56): Illuminate\\Routing\\RouteRegistrar->group(Object(Closure))
#16 /home/yela8574/public_html/app/vendor/laravel/framework/src/Illuminate/Routing/RouteFileRegistrar.php(35): require('/home/yela8574/...')
#17 /home/yela8574/public_html/app/vendor/laravel/framework/src/Illuminate/Routing/Router.php(513): Illuminate\\Routing\\RouteFileRegistrar->register('/home/yela8574/...')
#18 /home/yela8574/public_html/app/vendor/laravel/framework/src/Illuminate/Routing/Router.php(467): Illuminate\\Routing\\Router->loadRoutes('/home/yela8574/...')
#19 /home/yela8574/public_html/app/vendor/laravel/framework/src/Illuminate/Routing/RouteRegistrar.php(207): Illuminate\\Routing\\Router->group(Array, '/home/yela8574/...')
#20 /home/yela8574/public_html/app/vendor/laravel/framework/src/Illuminate/Foundation/Configuration/ApplicationBuilder.php(248): Illuminate\\Routing\\RouteRegistrar->group('/home/yela8574/...')
#21 /home/yela8574/public_html/app/vendor/laravel/framework/src/Illuminate/Container/BoundMethod.php(36): Illuminate\\Foundation\\Configuration\\ApplicationBuilder->Illuminate\\Foundation\\Configuration\\{closure}()
#22 /home/yela8574/public_html/app/vendor/laravel/framework/src/Illuminate/Container/Util.php(43): Illuminate\\Container\\BoundMethod::Illuminate\\Container\\{closure}()
#23 /home/yela8574/public_html/app/vendor/laravel/framework/src/Illuminate/Container/BoundMethod.php(83): Illuminate\\Container\\Util::unwrapIfClosure(Object(Closure))
#24 /home/yela8574/public_html/app/vendor/laravel/framework/src/Illuminate/Container/BoundMethod.php(35): Illuminate\\Container\\BoundMethod::callBoundMethod(Object(Illuminate\\Foundation\\Application), Object(Closure), Object(Closure))
#25 /home/yela8574/public_html/app/vendor/laravel/framework/src/Illuminate/Container/Container.php(696): Illuminate\\Container\\BoundMethod::call(Object(Illuminate\\Foundation\\Application), Object(Closure), Array, NULL)
#26 /home/yela8574/public_html/app/vendor/laravel/framework/src/Illuminate/Foundation/Support/Providers/RouteServiceProvider.php(162): Illuminate\\Container\\Container->call(Object(Closure))
#27 /home/yela8574/public_html/app/vendor/laravel/framework/src/Illuminate/Foundation/Support/Providers/RouteServiceProvider.php(59): Illuminate\\Foundation\\Support\\Providers\\RouteServiceProvider->loadRoutes()
#28 /home/yela8574/public_html/app/vendor/laravel/framework/src/Illuminate/Container/BoundMethod.php(36): Illuminate\\Foundation\\Support\\Providers\\RouteServiceProvider->Illuminate\\Foundation\\Support\\Providers\\{closure}()
#29 /home/yela8574/public_html/app/vendor/laravel/framework/src/Illuminate/Container/Util.php(43): Illuminate\\Container\\BoundMethod::Illuminate\\Container\\{closure}()
#30 /home/yela8574/public_html/app/vendor/laravel/framework/src/Illuminate/Container/BoundMethod.php(83): Illuminate\\Container\\Util::unwrapIfClosure(Object(Closure))
#31 /home/yela8574/public_html/app/vendor/laravel/framework/src/Illuminate/Container/BoundMethod.php(35): Illuminate\\Container\\BoundMethod::callBoundMethod(Object(Illuminate\\Foundation\\Application), Object(Closure), Object(Closure))
#32 /home/yela8574/public_html/app/vendor/laravel/framework/src/Illuminate/Container/Container.php(696): Illuminate\\Container\\BoundMethod::call(Object(Illuminate\\Foundation\\Application), Object(Closure), Array, NULL)
#33 /home/yela8574/public_html/app/vendor/laravel/framework/src/Illuminate/Support/ServiceProvider.php(144): Illuminate\\Container\\Container->call(Object(Closure))
#34 /home/yela8574/public_html/app/vendor/laravel/framework/src/Illuminate/Foundation/Application.php(1154): Illuminate\\Support\\ServiceProvider->callBootedCallbacks()
#35 /home/yela8574/public_html/app/vendor/laravel/framework/src/Illuminate/Foundation/Application.php(1132): Illuminate\\Foundation\\Application->bootProvider(Object(Illuminate\\Foundation\\Support\\Providers\\RouteServiceProvider))
#36 [internal function]: Illuminate\\Foundation\\Application->Illuminate\\Foundation\\{closure}(Object(Illuminate\\Foundation\\Support\\Providers\\RouteServiceProvider), 'Illuminate\\\\Foun...')
#37 /home/yela8574/public_html/app/vendor/laravel/framework/src/Illuminate/Foundation/Application.php(1131): array_walk(Array, Object(Closure))
#38 /home/yela8574/public_html/app/vendor/laravel/framework/src/Illuminate/Foundation/Bootstrap/BootProviders.php(17): Illuminate\\Foundation\\Application->boot()
#39 /home/yela8574/public_html/app/vendor/laravel/framework/src/Illuminate/Foundation/Application.php(342): Illuminate\\Foundation\\Bootstrap\\BootProviders->bootstrap(Object(Illuminate\\Foundation\\Application))
#40 /home/yela8574/public_html/app/vendor/laravel/framework/src/Illuminate/Foundation/Http/Kernel.php(187): Illuminate\\Foundation\\Application->bootstrapWith(Array)
#41 /home/yela8574/public_html/app/vendor/laravel/framework/src/Illuminate/Foundation/Http/Kernel.php(171): Illuminate\\Foundation\\Http\\Kernel->bootstrap()
#42 /home/yela8574/public_html/app/vendor/laravel/framework/src/Illuminate/Foundation/Http/Kernel.php(145): Illuminate\\Foundation\\Http\\Kernel->sendRequestThroughRouter(Object(Illuminate\\Http\\Request))
#43 /home/yela8574/public_html/app/vendor/laravel/framework/src/Illuminate/Foundation/Application.php(1220): Illuminate\\Foundation\\Http\\Kernel->handle(Object(Illuminate\\Http\\Request))
#44 /home/yela8574/public_html/app/public/index.php(17): Illuminate\\Foundation\\Application->handleRequest(Object(Illuminate\\Http\\Request))
#45 {main}
"} 
